<?xml version="1.0" encoding="UTF-8"?>
<!-- Generated by org.testng.reporters.JUnitReportReporter -->
<testsuite hostname="DESKTOP-C1O6008" failures="0" tests="1" name="Com.qa.fifa.SearchTest" time="6.564" errors="0" timestamp="2022-12-04T12:15:05 EST" skipped="0">
  <testcase classname="Com.qa.fifa.SearchTest" name="validateSearch" time="6.564"/>
  <system-out/>
</testsuite> <!-- Com.qa.fifa.SearchTest -->
